<package>
  <name>express</name>
  <url>file:///tests/local</url>
  <mode>test</mode>
  <output>graph.svg</output>
  <depth>3</depth>
</package>